[2026-01-20 17:06:57] --- Execution Started ---
[2026-01-20 17:06:57] Mods directory structure already exists.
[2026-01-20 17:06:57] Moving '04carrhp' to dlcpacks...
[2026-01-20 17:06:57] Moved '04carrhp' successfully.
[2026-01-20 17:06:57] Moving '16challenger' to dlcpacks...
[2026-01-20 17:06:57] Moved '16challenger' successfully.
[2026-01-20 17:06:57] Moving '2015MercedesAmgCLS63s' to dlcpacks...
[2026-01-20 17:06:57] Moved '2015MercedesAmgCLS63s' successfully.
[2026-01-20 17:06:57] Moving 'Zinx' to dlcpacks...
[2026-01-20 17:06:57] Moved 'Zinx' successfully.
[2026-01-20 17:06:57] Moving 'agta' to dlcpacks...
[2026-01-20 17:06:57] Moved 'agta' successfully.
[2026-01-20 17:06:57] Moving 'battista' to dlcpacks...
[2026-01-20 17:06:57] Moved 'battista' successfully.
[2026-01-20 17:06:57] Moving 'coqwbpack' to dlcpacks...
[2026-01-20 17:06:57] Moved 'coqwbpack' successfully.
[2026-01-20 17:06:57] Moving 'dodgert70' to dlcpacks...
[2026-01-20 17:06:57] Moved 'dodgert70' successfully.
[2026-01-20 17:06:57] Moving 'dukes3' to dlcpacks...
[2026-01-20 17:06:57] Moved 'dukes3' successfully.
[2026-01-20 17:06:57] Moving 'eldorado59' to dlcpacks...
[2026-01-20 17:06:57] Moved 'eldorado59' successfully.
[2026-01-20 17:06:57] Moving 'exige12' to dlcpacks...
[2026-01-20 17:06:57] Moved 'exige12' successfully.
[2026-01-20 17:06:57] Moving 'flfa' to dlcpacks...
[2026-01-20 17:06:57] Moved 'flfa' successfully.
[2026-01-20 17:06:57] Moving 'gauntletc' to dlcpacks...
[2026-01-20 17:06:57] Moved 'gauntletc' successfully.
[2026-01-20 17:06:57] Moving 'growlerc' to dlcpacks...
[2026-01-20 17:06:58] Moved 'growlerc' successfully.
[2026-01-20 17:06:58] Moving 'harley36' to dlcpacks...
[2026-01-20 17:06:58] Moved 'harley36' successfully.
[2026-01-20 17:06:58] Moving 'hpr1' to dlcpacks...
[2026-01-20 17:06:58] Moved 'hpr1' successfully.
[2026-01-20 17:06:58] Moving 'imsa90' to dlcpacks...
[2026-01-20 17:06:58] Moved 'imsa90' successfully.
[2026-01-20 17:06:58] Moving 'm1' to dlcpacks...
[2026-01-20 17:06:58] Moved 'm1' successfully.
[2026-01-20 17:06:58] Moving 'mclsxlm' to dlcpacks...
[2026-01-20 17:06:58] Moved 'mclsxlm' successfully.
[2026-01-20 17:06:58] Moving 'polcara6x6' to dlcpacks...
[2026-01-20 17:06:58] Moved 'polcara6x6' successfully.
[2026-01-20 17:06:58] Moving 'r70k' to dlcpacks...
[2026-01-20 17:06:58] Moved 'r70k' successfully.
[2026-01-20 17:06:58] Moving 'rampage10' to dlcpacks...
[2026-01-20 17:06:58] Moved 'rampage10' successfully.
[2026-01-20 17:06:58] Moving 'rnevr' to dlcpacks...
[2026-01-20 17:06:58] Moved 'rnevr' successfully.
[2026-01-20 17:06:58] Moving 'scuderiag' to dlcpacks...
[2026-01-20 17:06:58] Moved 'scuderiag' successfully.
[2026-01-20 17:06:58] Moving 'sf90' to dlcpacks...
[2026-01-20 17:06:58] Moved 'sf90' successfully.
[2026-01-20 17:06:58] Moving 'svj63' to dlcpacks...
[2026-01-20 17:06:58] Moved 'svj63' successfully.
[2026-01-20 17:06:58] Moving 'trans69' to dlcpacks...
[2026-01-20 17:06:58] Moved 'trans69' successfully.
[2026-01-20 17:06:58] Moving 'turismo180' to dlcpacks...
[2026-01-20 17:06:58] Moved 'turismo180' successfully.
[2026-01-20 17:06:58] Moving 'viper' to dlcpacks...
[2026-01-20 17:06:58] Moved 'viper' successfully.
[2026-01-20 17:06:58] Moving 'vtvicechee' to dlcpacks...
[2026-01-20 17:06:58] Moved 'vtvicechee' successfully.
[2026-01-20 17:06:58] Generated: D:/CODES/pyhton/gtav_Addons_output\to_addto_dlclistxml.txt
[2026-01-20 17:06:58] Generated: D:/CODES/pyhton/gtav_Addons_output\toput_in_extratitleupdatedata_meta.txt